0 info it worked if it ends with ok
1 verbose cli [ 'node', '/usr/local/bin/npm', 'install', 'css-purge', '-g' ]
2 info using npm@1.4.28
3 info using node@v0.10.32
4 verbose cache add [ 'css-purge', null ]
5 verbose cache add name=undefined spec="css-purge" args=["css-purge",null]
6 verbose parsed url { protocol: null,
6 verbose parsed url   slashes: null,
6 verbose parsed url   auth: null,
6 verbose parsed url   host: null,
6 verbose parsed url   port: null,
6 verbose parsed url   hostname: null,
6 verbose parsed url   hash: null,
6 verbose parsed url   search: null,
6 verbose parsed url   query: null,
6 verbose parsed url   pathname: 'css-purge',
6 verbose parsed url   path: 'css-purge',
6 verbose parsed url   href: 'css-purge' }
7 silly lockFile cf3e693e-css-purge css-purge
8 verbose lock css-purge /Users/elliot/.npm/cf3e693e-css-purge.lock
9 silly lockFile cf3e693e-css-purge css-purge
10 silly lockFile cf3e693e-css-purge css-purge
11 verbose addNamed [ 'css-purge', '' ]
12 verbose addNamed [ null, '*' ]
13 silly lockFile e6a909c0-css-purge css-purge@
14 verbose lock css-purge@ /Users/elliot/.npm/e6a909c0-css-purge.lock
15 silly addNameRange { name: 'css-purge', range: '*', hasData: false }
16 verbose request where is /css-purge
17 verbose request registry https://registry.npmjs.org/
18 verbose request id f59192c50fdd5bcf
19 verbose url raw /css-purge
20 verbose url resolving [ 'https://registry.npmjs.org/', './css-purge' ]
21 verbose url resolved https://registry.npmjs.org/css-purge
22 verbose request where is https://registry.npmjs.org/css-purge
23 info trying registry request attempt 1 at 04:43:25
24 http GET https://registry.npmjs.org/css-purge
25 http 200 https://registry.npmjs.org/css-purge
26 silly registry.get cb [ 200,
26 silly registry.get   { server: 'CouchDB/1.5.0 (Erlang OTP/R16B03)',
26 silly registry.get     etag: '"15BYL9AGQ88KOBEZEOEUU194T"',
26 silly registry.get     'content-type': 'application/json',
26 silly registry.get     'cache-control': 'max-age=300',
26 silly registry.get     'content-length': '10382',
26 silly registry.get     'accept-ranges': 'bytes',
26 silly registry.get     date: 'Thu, 14 Jan 2016 09:43:26 GMT',
26 silly registry.get     via: '1.1 varnish',
26 silly registry.get     age: '0',
26 silly registry.get     connection: 'keep-alive',
26 silly registry.get     'x-served-by': 'cache-atl6223-ATL',
26 silly registry.get     'x-cache': 'MISS',
26 silly registry.get     'x-cache-hits': '0',
26 silly registry.get     'x-timer': 'S1452764606.090497,VS0,VE29',
26 silly registry.get     vary: 'Accept' } ]
27 silly addNameRange number 2 { name: 'css-purge', range: '*', hasData: true }
28 silly addNameRange versions [ 'css-purge',
28 silly addNameRange   [ '1.0.1',
28 silly addNameRange     '1.0.3',
28 silly addNameRange     '1.0.0',
28 silly addNameRange     '1.0.5',
28 silly addNameRange     '1.0.6',
28 silly addNameRange     '1.0.7',
28 silly addNameRange     '1.1.0',
28 silly addNameRange     '1.1.1' ] ]
29 verbose addNamed [ 'css-purge', '1.1.1' ]
30 verbose addNamed [ '1.1.1', '1.1.1' ]
31 silly lockFile ff87792b-css-purge-1-1-1 css-purge@1.1.1
32 verbose lock css-purge@1.1.1 /Users/elliot/.npm/ff87792b-css-purge-1-1-1.lock
33 silly lockFile aebeda7b-rg-css-purge-css-purge-1-1-1-tgz https://registry.npmjs.org/css-purge/-/css-purge-1.1.1.tgz
34 verbose lock https://registry.npmjs.org/css-purge/-/css-purge-1.1.1.tgz /Users/elliot/.npm/aebeda7b-rg-css-purge-css-purge-1-1-1-tgz.lock
35 verbose addRemoteTarball [ 'https://registry.npmjs.org/css-purge/-/css-purge-1.1.1.tgz',
35 verbose addRemoteTarball   '7abfae92a59857b308d96b0af7e2bf5bd4f273c9' ]
36 info retry fetch attempt 1 at 04:43:26
37 verbose fetch to= /var/folders/rp/sht3snw94k73193sh7pc06rr0000gn/T/npm-18502-OAoJ8ts2/registry.npmjs.org/css-purge/-/css-purge-1.1.1.tgz
38 http GET https://registry.npmjs.org/css-purge/-/css-purge-1.1.1.tgz
39 http 200 https://registry.npmjs.org/css-purge/-/css-purge-1.1.1.tgz
40 silly lockFile aebeda7b-rg-css-purge-css-purge-1-1-1-tgz https://registry.npmjs.org/css-purge/-/css-purge-1.1.1.tgz
41 silly lockFile aebeda7b-rg-css-purge-css-purge-1-1-1-tgz https://registry.npmjs.org/css-purge/-/css-purge-1.1.1.tgz
42 silly lockFile ff87792b-css-purge-1-1-1 css-purge@1.1.1
43 silly lockFile ff87792b-css-purge-1-1-1 css-purge@1.1.1
44 silly lockFile e6a909c0-css-purge css-purge@
45 silly lockFile e6a909c0-css-purge css-purge@
46 silly resolved [ { name: 'css-purge',
46 silly resolved     version: '1.1.1',
46 silly resolved     description: 'A command line Node JS app for the removal of duplicate CSS rules and or properties.',
46 silly resolved     keywords:
46 silly resolved      [ 'css',
46 silly resolved        'purge',
46 silly resolved        'stylesheet',
46 silly resolved        'duplicate',
46 silly resolved        'deduplicate',
46 silly resolved        'merge',
46 silly resolved        'unify',
46 silly resolved        'command',
46 silly resolved        'shell',
46 silly resolved        'watcher',
46 silly resolved        'duplicate css',
46 silly resolved        'duplicate rules',
46 silly resolved        'duplicate properties' ],
46 silly resolved     author: { name: 'Andrew Quan', email: 'AndrewQ@RedBlueprint.com' },
46 silly resolved     bin: { 'css-purge': './bin/css-purge' },
46 silly resolved     dependencies:
46 silly resolved      { 'cli-color': '0.2.2',
46 silly resolved        commander: '1.1.1',
46 silly resolved        'css-parse': '1.1.0' },
46 silly resolved     repository: { type: 'git', url: 'https://github.com/rbtech/css-purge.git' },
46 silly resolved     bugs: { url: 'https://github.com/rbtech/css-purge/issues' },
46 silly resolved     _id: 'css-purge@1.1.1',
46 silly resolved     dist:
46 silly resolved      { shasum: '7abfae92a59857b308d96b0af7e2bf5bd4f273c9',
46 silly resolved        tarball: 'http://registry.npmjs.org/css-purge/-/css-purge-1.1.1.tgz' },
46 silly resolved     _from: 'css-purge@',
46 silly resolved     _resolved: 'https://registry.npmjs.org/css-purge/-/css-purge-1.1.1.tgz',
46 silly resolved     homepage: 'https://github.com/rbtech/css-purge',
46 silly resolved     _npmVersion: '1.4.3',
46 silly resolved     _npmUser: { name: 'andrewq', email: 'AndrewQ@RedBlueprint.com' },
46 silly resolved     maintainers: [ [Object] ],
46 silly resolved     directories: {},
46 silly resolved     _shasum: '7abfae92a59857b308d96b0af7e2bf5bd4f273c9' } ]
47 info install css-purge@1.1.1 into /usr/local/lib
48 info installOne css-purge@1.1.1
49 verbose lib/node_modules/css-purge unbuild
50 verbose tar unpack /Users/elliot/.npm/css-purge/1.1.1/package.tgz
51 silly lockFile 2094ad42-local-lib-node-modules-css-purge tar:///usr/local/lib/node_modules/css-purge
52 verbose lock tar:///usr/local/lib/node_modules/css-purge /Users/elliot/.npm/2094ad42-local-lib-node-modules-css-purge.lock
53 silly lockFile 854c6410--npm-css-purge-1-1-1-package-tgz tar:///Users/elliot/.npm/css-purge/1.1.1/package.tgz
54 verbose lock tar:///Users/elliot/.npm/css-purge/1.1.1/package.tgz /Users/elliot/.npm/854c6410--npm-css-purge-1-1-1-package-tgz.lock
55 silly gunzTarPerm modes [ '755', '644' ]
56 error Error: EACCES, mkdir '/usr/local/lib/node_modules/css-purge'
56 error  { [Error: EACCES, mkdir '/usr/local/lib/node_modules/css-purge']
56 error   errno: 3,
56 error   code: 'EACCES',
56 error   path: '/usr/local/lib/node_modules/css-purge',
56 error   fstream_type: 'Directory',
56 error   fstream_path: '/usr/local/lib/node_modules/css-purge',
56 error   fstream_class: 'DirWriter',
56 error   fstream_stack:
56 error    [ '/usr/local/lib/node_modules/npm/node_modules/fstream/lib/dir-writer.js:36:23',
56 error      '/usr/local/lib/node_modules/npm/node_modules/mkdirp/index.js:46:53',
56 error      'Object.oncomplete (fs.js:107:15)' ] }
57 error Please try running this command again as root/Administrator.
58 error System Darwin 15.2.0
59 error command "node" "/usr/local/bin/npm" "install" "css-purge" "-g"
60 error cwd /Volumes/disk2s1/Archive/Futuramerlin Projects/Software/Ember/Git working copy/ember-satellite-projects/futuramerlin-website/source
61 error node -v v0.10.32
62 error npm -v 1.4.28
63 error path /usr/local/lib/node_modules/css-purge
64 error fstream_path /usr/local/lib/node_modules/css-purge
65 error fstream_type Directory
66 error fstream_class DirWriter
67 error code EACCES
68 error errno 3
69 error stack Error: EACCES, mkdir '/usr/local/lib/node_modules/css-purge'
70 error fstream_stack /usr/local/lib/node_modules/npm/node_modules/fstream/lib/dir-writer.js:36:23
70 error fstream_stack /usr/local/lib/node_modules/npm/node_modules/mkdirp/index.js:46:53
70 error fstream_stack Object.oncomplete (fs.js:107:15)
71 verbose exit [ 3, true ]
